[[34mINFO[0;39m][10-04 00:03:42][[35m        [0;39m][[34mLogExampleApplication[0;39m] Starting LogExampleApplication using Java 11.0.0.1 on DESKTOP-57BT62N with PID 20788 (D:\Study\Oghma-Infinium\Practice\examples\log-example\build\classes\java\main started by USER in D:\Study\Oghma-Infinium\Practice\examples\log-example) 
[[34mINFO[0;39m][10-04 00:03:42][[35m        [0;39m][[34mLogExampleApplication[0;39m] No active profile set, falling back to 1 default profile: "default" 
[[34mINFO[0;39m][10-04 00:03:42][[35m        [0;39m][[34mRepositoryConfigurationDelegate[0;39m] Bootstrapping Spring Data JPA repositories in DEFAULT mode. 
[[34mINFO[0;39m][10-04 00:03:42][[35m        [0;39m][[34mRepositoryConfigurationDelegate[0;39m] Finished Spring Data repository scanning in 36 ms. Found 1 JPA repository interfaces. 
[[34mINFO[0;39m][10-04 00:03:43][[35m        [0;39m][[34mTomcatWebServer[0;39m] Tomcat initialized with port(s): 8080 (http) 
[[34mINFO[0;39m][10-04 00:03:43][[35m        [0;39m][[34mHttp11NioProtocol[0;39m] Initializing ProtocolHandler ["http-nio-8080"] 
[[34mINFO[0;39m][10-04 00:03:43][[35m        [0;39m][[34mStandardService[0;39m] Starting service [Tomcat] 
[[34mINFO[0;39m][10-04 00:03:43][[35m        [0;39m][[34mStandardEngine[0;39m] Starting Servlet engine: [Apache Tomcat/9.0.79] 
[[34mINFO[0;39m][10-04 00:03:43][[35m        [0;39m][[34m[.[.[/][0;39m] Initializing Spring embedded WebApplicationContext 
[[34mINFO[0;39m][10-04 00:03:43][[35m        [0;39m][[34mServletWebServerApplicationContext[0;39m] Root WebApplicationContext: initialization completed in 1139 ms 
[[34mINFO[0;39m][10-04 00:03:43][[35m        [0;39m][[34mHikariDataSource[0;39m] HikariPool-1 - Starting... 
[[34mINFO[0;39m][10-04 00:03:43][[35m        [0;39m][[34mHikariDataSource[0;39m] HikariPool-1 - Start completed. 
[[34mINFO[0;39m][10-04 00:03:43][[35m        [0;39m][[34mH2ConsoleAutoConfiguration[0;39m] H2 console available at '/h2-console'. Database available at 'jdbc:h2:mem:test' 
[[34mINFO[0;39m][10-04 00:03:43][[35m        [0;39m][[34mLogHelper[0;39m] HHH000204: Processing PersistenceUnitInfo [name: default] 
[[34mINFO[0;39m][10-04 00:03:43][[35m        [0;39m][[34mhibernatVersion[0;39m] HHH000412: Hibernate ORM core version 5.6.15.Final 
[[34mINFO[0;39m][10-04 00:03:43][[35m        [0;39m][[34mcommoVersion[0;39m] HCANN000001: Hibernate Commons Annotations {5.1.2.Final} 
[[34mINFO[0;39m][10-04 00:03:43][[35m        [0;39m][[34mdialecDialect[0;39m] HHH000400: Using dialect: org.hibernate.dialect.H2Dialect 
[[34mINFO[0;39m][10-04 00:03:44][[35m        [0;39m][[34mJtaPlatformInitiator[0;39m] HHH000490: Using JtaPlatform implementation: [org.hibernate.engine.transaction.jta.platform.internal.NoJtaPlatform] 
[[34mINFO[0;39m][10-04 00:03:44][[35m        [0;39m][[34mLocalContainerEntityManagerFactoryBean[0;39m] Initialized JPA EntityManagerFactory for persistence unit 'default' 
[[34mINFO[0;39m][10-04 00:03:45][[35m        [0;39m][[34mHttp11NioProtocol[0;39m] Starting ProtocolHandler ["http-nio-8080"] 
[[34mINFO[0;39m][10-04 00:03:45][[35m        [0;39m][[34mTomcatWebServer[0;39m] Tomcat started on port(s): 8080 (http) with context path '' 
[[34mINFO[0;39m][10-04 00:03:45][[35m        [0;39m][[34mLogExampleApplication[0;39m] Started LogExampleApplication in 3.364 seconds (JVM running for 4.143) 
[[34mINFO[0;39m][10-04 00:03:52][[35m        [0;39m][[34mLocalContainerEntityManagerFactoryBean[0;39m] Closing JPA EntityManagerFactory for persistence unit 'default' 
[[34mINFO[0;39m][10-04 00:03:52][[35m        [0;39m][[34mHikariDataSource[0;39m] HikariPool-1 - Shutdown initiated... 
[[34mINFO[0;39m][10-04 00:03:52][[35m        [0;39m][[34mHikariDataSource[0;39m] HikariPool-1 - Shutdown completed. 
[[34mINFO[0;39m][10-04 00:22:38][[35m        [0;39m][[34mLogExampleApplication[0;39m] Starting LogExampleApplication using Java 11.0.0.1 on DESKTOP-57BT62N with PID 21940 (D:\Study\Oghma-Infinium\Practice\examples\log-example\build\classes\java\main started by USER in D:\Study\Oghma-Infinium\Practice\examples\log-example) 
[[34mINFO[0;39m][10-04 00:22:38][[35m        [0;39m][[34mLogExampleApplication[0;39m] No active profile set, falling back to 1 default profile: "default" 
[[34mINFO[0;39m][10-04 00:22:38][[35m        [0;39m][[34mRepositoryConfigurationDelegate[0;39m] Bootstrapping Spring Data JPA repositories in DEFAULT mode. 
[[34mINFO[0;39m][10-04 00:22:38][[35m        [0;39m][[34mRepositoryConfigurationDelegate[0;39m] Finished Spring Data repository scanning in 26 ms. Found 1 JPA repository interfaces. 
[[34mINFO[0;39m][10-04 00:22:39][[35m        [0;39m][[34mTomcatWebServer[0;39m] Tomcat initialized with port(s): 8080 (http) 
[[34mINFO[0;39m][10-04 00:22:39][[35m        [0;39m][[34mHttp11NioProtocol[0;39m] Initializing ProtocolHandler ["http-nio-8080"] 
[[34mINFO[0;39m][10-04 00:22:39][[35m        [0;39m][[34mStandardService[0;39m] Starting service [Tomcat] 
[[34mINFO[0;39m][10-04 00:22:39][[35m        [0;39m][[34mStandardEngine[0;39m] Starting Servlet engine: [Apache Tomcat/9.0.79] 
[[34mINFO[0;39m][10-04 00:22:39][[35m        [0;39m][[34m[.[.[/][0;39m] Initializing Spring embedded WebApplicationContext 
[[34mINFO[0;39m][10-04 00:22:39][[35m        [0;39m][[34mServletWebServerApplicationContext[0;39m] Root WebApplicationContext: initialization completed in 947 ms 
[[34mINFO[0;39m][10-04 00:22:39][[35m        [0;39m][[34mHikariDataSource[0;39m] HikariPool-1 - Starting... 
[[34mINFO[0;39m][10-04 00:22:39][[35m        [0;39m][[34mHikariDataSource[0;39m] HikariPool-1 - Start completed. 
[[34mINFO[0;39m][10-04 00:22:39][[35m        [0;39m][[34mH2ConsoleAutoConfiguration[0;39m] H2 console available at '/h2-console'. Database available at 'jdbc:h2:mem:test' 
[[34mINFO[0;39m][10-04 00:22:39][[35m        [0;39m][[34mLogHelper[0;39m] HHH000204: Processing PersistenceUnitInfo [name: default] 
[[34mINFO[0;39m][10-04 00:22:39][[35m        [0;39m][[34mhibernatVersion[0;39m] HHH000412: Hibernate ORM core version 5.6.15.Final 
[[34mINFO[0;39m][10-04 00:22:39][[35m        [0;39m][[34mcommoVersion[0;39m] HCANN000001: Hibernate Commons Annotations {5.1.2.Final} 
[[34mINFO[0;39m][10-04 00:22:39][[35m        [0;39m][[34mdialecDialect[0;39m] HHH000400: Using dialect: org.hibernate.dialect.H2Dialect 
[[34mINFO[0;39m][10-04 00:22:39][[35m        [0;39m][[34mJtaPlatformInitiator[0;39m] HHH000490: Using JtaPlatform implementation: [org.hibernate.engine.transaction.jta.platform.internal.NoJtaPlatform] 
[[34mINFO[0;39m][10-04 00:22:39][[35m        [0;39m][[34mLocalContainerEntityManagerFactoryBean[0;39m] Initialized JPA EntityManagerFactory for persistence unit 'default' 
[[34mINFO[0;39m][10-04 00:22:40][[35m        [0;39m][[34mHttp11NioProtocol[0;39m] Starting ProtocolHandler ["http-nio-8080"] 
[[34mINFO[0;39m][10-04 00:22:40][[35m        [0;39m][[34mTomcatWebServer[0;39m] Tomcat started on port(s): 8080 (http) with context path '' 
[[34mINFO[0;39m][10-04 00:22:40][[35m        [0;39m][[34mLogExampleApplication[0;39m] Started LogExampleApplication in 2.651 seconds (JVM running for 3.463) 
[[34mINFO[0;39m][10-04 00:23:07][[35m        [0;39m][[34mLocalContainerEntityManagerFactoryBean[0;39m] Closing JPA EntityManagerFactory for persistence unit 'default' 
[[34mINFO[0;39m][10-04 00:23:07][[35m        [0;39m][[34mHikariDataSource[0;39m] HikariPool-1 - Shutdown initiated... 
[[34mINFO[0;39m][10-04 00:23:07][[35m        [0;39m][[34mHikariDataSource[0;39m] HikariPool-1 - Shutdown completed. 
[[34mINFO[0;39m][10-04 00:23:10][[35m        [0;39m][[34mLogExampleApplication[0;39m] Starting LogExampleApplication using Java 11.0.0.1 on DESKTOP-57BT62N with PID 19532 (D:\Study\Oghma-Infinium\Practice\examples\log-example\build\classes\java\main started by USER in D:\Study\Oghma-Infinium\Practice\examples\log-example) 
[[34mINFO[0;39m][10-04 00:23:10][[35m        [0;39m][[34mLogExampleApplication[0;39m] No active profile set, falling back to 1 default profile: "default" 
[[34mINFO[0;39m][10-04 00:23:10][[35m        [0;39m][[34mRepositoryConfigurationDelegate[0;39m] Bootstrapping Spring Data JPA repositories in DEFAULT mode. 
[[34mINFO[0;39m][10-04 00:23:10][[35m        [0;39m][[34mRepositoryConfigurationDelegate[0;39m] Finished Spring Data repository scanning in 27 ms. Found 1 JPA repository interfaces. 
[[34mINFO[0;39m][10-04 00:23:11][[35m        [0;39m][[34mTomcatWebServer[0;39m] Tomcat initialized with port(s): 8080 (http) 
[[34mINFO[0;39m][10-04 00:23:11][[35m        [0;39m][[34mHttp11NioProtocol[0;39m] Initializing ProtocolHandler ["http-nio-8080"] 
[[34mINFO[0;39m][10-04 00:23:11][[35m        [0;39m][[34mStandardService[0;39m] Starting service [Tomcat] 
[[34mINFO[0;39m][10-04 00:23:11][[35m        [0;39m][[34mStandardEngine[0;39m] Starting Servlet engine: [Apache Tomcat/9.0.79] 
[[34mINFO[0;39m][10-04 00:23:11][[35m        [0;39m][[34m[.[.[/][0;39m] Initializing Spring embedded WebApplicationContext 
[[34mINFO[0;39m][10-04 00:23:11][[35m        [0;39m][[34mServletWebServerApplicationContext[0;39m] Root WebApplicationContext: initialization completed in 933 ms 
[[34mINFO[0;39m][10-04 00:23:11][[35m        [0;39m][[34mHikariDataSource[0;39m] HikariPool-1 - Starting... 
[[34mINFO[0;39m][10-04 00:23:11][[35m        [0;39m][[34mHikariDataSource[0;39m] HikariPool-1 - Start completed. 
[[34mINFO[0;39m][10-04 00:23:11][[35m        [0;39m][[34mH2ConsoleAutoConfiguration[0;39m] H2 console available at '/h2-console'. Database available at 'jdbc:h2:mem:test' 
[[34mINFO[0;39m][10-04 00:23:11][[35m        [0;39m][[34mLogHelper[0;39m] HHH000204: Processing PersistenceUnitInfo [name: default] 
[[34mINFO[0;39m][10-04 00:23:11][[35m        [0;39m][[34mhibernatVersion[0;39m] HHH000412: Hibernate ORM core version 5.6.15.Final 
[[34mINFO[0;39m][10-04 00:23:11][[35m        [0;39m][[34mcommoVersion[0;39m] HCANN000001: Hibernate Commons Annotations {5.1.2.Final} 
[[34mINFO[0;39m][10-04 00:23:11][[35m        [0;39m][[34mdialecDialect[0;39m] HHH000400: Using dialect: org.hibernate.dialect.H2Dialect 
[[34mINFO[0;39m][10-04 00:23:12][[35m        [0;39m][[34mJtaPlatformInitiator[0;39m] HHH000490: Using JtaPlatform implementation: [org.hibernate.engine.transaction.jta.platform.internal.NoJtaPlatform] 
[[34mINFO[0;39m][10-04 00:23:12][[35m        [0;39m][[34mLocalContainerEntityManagerFactoryBean[0;39m] Initialized JPA EntityManagerFactory for persistence unit 'default' 
[[34mINFO[0;39m][10-04 00:23:12][[35m        [0;39m][[34mHttp11NioProtocol[0;39m] Starting ProtocolHandler ["http-nio-8080"] 
[[34mINFO[0;39m][10-04 00:23:12][[35m        [0;39m][[34mTomcatWebServer[0;39m] Tomcat started on port(s): 8080 (http) with context path '' 
[[34mINFO[0;39m][10-04 00:23:12][[35m        [0;39m][[34mLogExampleApplication[0;39m] Started LogExampleApplication in 2.592 seconds (JVM running for 3.314) 
[[34mINFO[0;39m][10-04 00:23:35][[35m        [0;39m][[34mCookie[0;39m] A cookie header was received [Authorization=Bearer eyJ0eXAiOiJKV1QiLCJhbGciOiJIUzUxMiJ9.eyJzdWIiOiJzbWs1NjQ3QGdtYWlsLmNvbSIsInJvbGUiOiJST0xFX1VTRVIiLCJpZCI6MSwiZXhwIjoxNjg4NjUxMjA2fQ.O1vlIcH3KvnBOTVIS6dsHz_6LbgZcX6msuUMjb4mnoZWx3hK834pAHB4PY6iElg9pvTe5_xG-jmYSmDOk0YDEQ] that contained an invalid cookie. That cookie will be ignored.
 Note: further occurrences of this error will be logged at DEBUG level. 
[[34mINFO[0;39m][10-04 00:23:35][[35m        [0;39m][[34m[.[.[/][0;39m] Initializing Spring DispatcherServlet 'dispatcherServlet' 
[[34mINFO[0;39m][10-04 00:23:35][[35m        [0;39m][[34mDispatcherServlet[0;39m] Initializing Servlet 'dispatcherServlet' 
[[34mINFO[0;39m][10-04 00:23:35][[35m        [0;39m][[34mDispatcherServlet[0;39m] Completed initialization in 1 ms 
[[34mINFO[0;39m][10-04 00:23:36][[35m        [0;39m][[34mController[0;39m] model created 
[[34mINFO[0;39m][10-04 00:23:57][[35m        [0;39m][[34mLocalContainerEntityManagerFactoryBean[0;39m] Closing JPA EntityManagerFactory for persistence unit 'default' 
[[34mINFO[0;39m][10-04 00:23:57][[35m        [0;39m][[34mHikariDataSource[0;39m] HikariPool-1 - Shutdown initiated... 
[[34mINFO[0;39m][10-04 00:23:57][[35m        [0;39m][[34mHikariDataSource[0;39m] HikariPool-1 - Shutdown completed. 
[[34mINFO[0;39m][10-04 00:24:13][[35m        [0;39m][[34mLogExampleApplication[0;39m] Starting LogExampleApplication using Java 11.0.0.1 on DESKTOP-57BT62N with PID 19312 (D:\Study\Oghma-Infinium\Practice\examples\log-example\build\classes\java\main started by USER in D:\Study\Oghma-Infinium\Practice\examples\log-example) 
[[34mINFO[0;39m][10-04 00:24:13][[35m        [0;39m][[34mLogExampleApplication[0;39m] No active profile set, falling back to 1 default profile: "default" 
[[34mINFO[0;39m][10-04 00:24:14][[35m        [0;39m][[34mRepositoryConfigurationDelegate[0;39m] Bootstrapping Spring Data JPA repositories in DEFAULT mode. 
[[34mINFO[0;39m][10-04 00:24:14][[35m        [0;39m][[34mRepositoryConfigurationDelegate[0;39m] Finished Spring Data repository scanning in 27 ms. Found 1 JPA repository interfaces. 
[[34mINFO[0;39m][10-04 00:24:14][[35m        [0;39m][[34mTomcatWebServer[0;39m] Tomcat initialized with port(s): 8080 (http) 
[[34mINFO[0;39m][10-04 00:24:14][[35m        [0;39m][[34mHttp11NioProtocol[0;39m] Initializing ProtocolHandler ["http-nio-8080"] 
[[34mINFO[0;39m][10-04 00:24:14][[35m        [0;39m][[34mStandardService[0;39m] Starting service [Tomcat] 
[[34mINFO[0;39m][10-04 00:24:14][[35m        [0;39m][[34mStandardEngine[0;39m] Starting Servlet engine: [Apache Tomcat/9.0.79] 
[[34mINFO[0;39m][10-04 00:24:14][[35m        [0;39m][[34m[.[.[/][0;39m] Initializing Spring embedded WebApplicationContext 
[[34mINFO[0;39m][10-04 00:24:14][[35m        [0;39m][[34mServletWebServerApplicationContext[0;39m] Root WebApplicationContext: initialization completed in 950 ms 
[[34mINFO[0;39m][10-04 00:24:14][[35m        [0;39m][[34mHikariDataSource[0;39m] HikariPool-1 - Starting... 
[[34mINFO[0;39m][10-04 00:24:15][[35m        [0;39m][[34mHikariDataSource[0;39m] HikariPool-1 - Start completed. 
[[34mINFO[0;39m][10-04 00:24:15][[35m        [0;39m][[34mH2ConsoleAutoConfiguration[0;39m] H2 console available at '/h2-console'. Database available at 'jdbc:h2:mem:test' 
[[34mINFO[0;39m][10-04 00:24:15][[35m        [0;39m][[34mLogHelper[0;39m] HHH000204: Processing PersistenceUnitInfo [name: default] 
[[34mINFO[0;39m][10-04 00:24:15][[35m        [0;39m][[34mhibernatVersion[0;39m] HHH000412: Hibernate ORM core version 5.6.15.Final 
[[34mINFO[0;39m][10-04 00:24:15][[35m        [0;39m][[34mcommoVersion[0;39m] HCANN000001: Hibernate Commons Annotations {5.1.2.Final} 
[[34mINFO[0;39m][10-04 00:24:15][[35m        [0;39m][[34mdialecDialect[0;39m] HHH000400: Using dialect: org.hibernate.dialect.H2Dialect 
[[34mINFO[0;39m][10-04 00:24:15][[35m        [0;39m][[34mJtaPlatformInitiator[0;39m] HHH000490: Using JtaPlatform implementation: [org.hibernate.engine.transaction.jta.platform.internal.NoJtaPlatform] 
[[34mINFO[0;39m][10-04 00:24:15][[35m        [0;39m][[34mLocalContainerEntityManagerFactoryBean[0;39m] Initialized JPA EntityManagerFactory for persistence unit 'default' 
[[34mINFO[0;39m][10-04 00:24:16][[35m        [0;39m][[34mHttp11NioProtocol[0;39m] Starting ProtocolHandler ["http-nio-8080"] 
[[34mINFO[0;39m][10-04 00:24:16][[35m        [0;39m][[34mTomcatWebServer[0;39m] Tomcat started on port(s): 8080 (http) with context path '' 
[[34mINFO[0;39m][10-04 00:24:16][[35m        [0;39m][[34mLogExampleApplication[0;39m] Started LogExampleApplication in 2.642 seconds (JVM running for 3.538) 
[[34mINFO[0;39m][10-04 00:24:18][[35m        [0;39m][[34mCookie[0;39m] A cookie header was received [Authorization=Bearer eyJ0eXAiOiJKV1QiLCJhbGciOiJIUzUxMiJ9.eyJzdWIiOiJzbWs1NjQ3QGdtYWlsLmNvbSIsInJvbGUiOiJST0xFX1VTRVIiLCJpZCI6MSwiZXhwIjoxNjg4NjUxMjA2fQ.O1vlIcH3KvnBOTVIS6dsHz_6LbgZcX6msuUMjb4mnoZWx3hK834pAHB4PY6iElg9pvTe5_xG-jmYSmDOk0YDEQ] that contained an invalid cookie. That cookie will be ignored.
 Note: further occurrences of this error will be logged at DEBUG level. 
[[34mINFO[0;39m][10-04 00:24:18][[35m        [0;39m][[34m[.[.[/][0;39m] Initializing Spring DispatcherServlet 'dispatcherServlet' 
[[34mINFO[0;39m][10-04 00:24:18][[35m        [0;39m][[34mDispatcherServlet[0;39m] Initializing Servlet 'dispatcherServlet' 
[[34mINFO[0;39m][10-04 00:24:18][[35m        [0;39m][[34mDispatcherServlet[0;39m] Completed initialization in 1 ms 
[[34mINFO[0;39m][10-04 00:24:18][[35m        [0;39m][[34mController[0;39m] model created 
[[34mINFO[0;39m][10-04 00:24:39][[35m        [0;39m][[34mLocalContainerEntityManagerFactoryBean[0;39m] Closing JPA EntityManagerFactory for persistence unit 'default' 
[[34mINFO[0;39m][10-04 00:24:39][[35m        [0;39m][[34mHikariDataSource[0;39m] HikariPool-1 - Shutdown initiated... 
[[34mINFO[0;39m][10-04 00:24:39][[35m        [0;39m][[34mHikariDataSource[0;39m] HikariPool-1 - Shutdown completed. 
[[34mINFO[0;39m][10-04 00:24:42][[35m        [0;39m][[34mLogExampleApplication[0;39m] Starting LogExampleApplication using Java 11.0.0.1 on DESKTOP-57BT62N with PID 21388 (D:\Study\Oghma-Infinium\Practice\examples\log-example\build\classes\java\main started by USER in D:\Study\Oghma-Infinium\Practice\examples\log-example) 
[[34mINFO[0;39m][10-04 00:24:42][[35m        [0;39m][[34mLogExampleApplication[0;39m] No active profile set, falling back to 1 default profile: "default" 
[[34mINFO[0;39m][10-04 00:24:42][[35m        [0;39m][[34mRepositoryConfigurationDelegate[0;39m] Bootstrapping Spring Data JPA repositories in DEFAULT mode. 
[[34mINFO[0;39m][10-04 00:24:42][[35m        [0;39m][[34mRepositoryConfigurationDelegate[0;39m] Finished Spring Data repository scanning in 27 ms. Found 1 JPA repository interfaces. 
[[34mINFO[0;39m][10-04 00:24:43][[35m        [0;39m][[34mTomcatWebServer[0;39m] Tomcat initialized with port(s): 8080 (http) 
[[34mINFO[0;39m][10-04 00:24:43][[35m        [0;39m][[34mHttp11NioProtocol[0;39m] Initializing ProtocolHandler ["http-nio-8080"] 
[[34mINFO[0;39m][10-04 00:24:43][[35m        [0;39m][[34mStandardService[0;39m] Starting service [Tomcat] 
[[34mINFO[0;39m][10-04 00:24:43][[35m        [0;39m][[34mStandardEngine[0;39m] Starting Servlet engine: [Apache Tomcat/9.0.79] 
[[34mINFO[0;39m][10-04 00:24:43][[35m        [0;39m][[34m[.[.[/][0;39m] Initializing Spring embedded WebApplicationContext 
[[34mINFO[0;39m][10-04 00:24:43][[35m        [0;39m][[34mServletWebServerApplicationContext[0;39m] Root WebApplicationContext: initialization completed in 932 ms 
[[34mINFO[0;39m][10-04 00:24:43][[35m        [0;39m][[34mHikariDataSource[0;39m] HikariPool-1 - Starting... 
[[34mINFO[0;39m][10-04 00:24:43][[35m        [0;39m][[34mHikariDataSource[0;39m] HikariPool-1 - Start completed. 
[[34mINFO[0;39m][10-04 00:24:43][[35m        [0;39m][[34mH2ConsoleAutoConfiguration[0;39m] H2 console available at '/h2-console'. Database available at 'jdbc:h2:mem:test' 
[[34mINFO[0;39m][10-04 00:24:43][[35m        [0;39m][[34mLogHelper[0;39m] HHH000204: Processing PersistenceUnitInfo [name: default] 
[[34mINFO[0;39m][10-04 00:24:43][[35m        [0;39m][[34mhibernatVersion[0;39m] HHH000412: Hibernate ORM core version 5.6.15.Final 
[[34mINFO[0;39m][10-04 00:24:43][[35m        [0;39m][[34mcommoVersion[0;39m] HCANN000001: Hibernate Commons Annotations {5.1.2.Final} 
[[34mINFO[0;39m][10-04 00:24:43][[35m        [0;39m][[34mdialecDialect[0;39m] HHH000400: Using dialect: org.hibernate.dialect.H2Dialect 
[[34mINFO[0;39m][10-04 00:24:44][[35m        [0;39m][[34mJtaPlatformInitiator[0;39m] HHH000490: Using JtaPlatform implementation: [org.hibernate.engine.transaction.jta.platform.internal.NoJtaPlatform] 
[[34mINFO[0;39m][10-04 00:24:44][[35m        [0;39m][[34mLocalContainerEntityManagerFactoryBean[0;39m] Initialized JPA EntityManagerFactory for persistence unit 'default' 
[[34mINFO[0;39m][10-04 00:24:44][[35m        [0;39m][[34mHttp11NioProtocol[0;39m] Starting ProtocolHandler ["http-nio-8080"] 
[[34mINFO[0;39m][10-04 00:24:44][[35m        [0;39m][[34mTomcatWebServer[0;39m] Tomcat started on port(s): 8080 (http) with context path '' 
[[34mINFO[0;39m][10-04 00:24:44][[35m        [0;39m][[34mLogExampleApplication[0;39m] Started LogExampleApplication in 2.644 seconds (JVM running for 3.416) 
[[34mINFO[0;39m][10-04 00:24:54][[35m        [0;39m][[34mCookie[0;39m] A cookie header was received [Authorization=Bearer eyJ0eXAiOiJKV1QiLCJhbGciOiJIUzUxMiJ9.eyJzdWIiOiJzbWs1NjQ3QGdtYWlsLmNvbSIsInJvbGUiOiJST0xFX1VTRVIiLCJpZCI6MSwiZXhwIjoxNjg4NjUxMjA2fQ.O1vlIcH3KvnBOTVIS6dsHz_6LbgZcX6msuUMjb4mnoZWx3hK834pAHB4PY6iElg9pvTe5_xG-jmYSmDOk0YDEQ] that contained an invalid cookie. That cookie will be ignored.
 Note: further occurrences of this error will be logged at DEBUG level. 
[[34mINFO[0;39m][10-04 00:24:54][[35m        [0;39m][[34m[.[.[/][0;39m] Initializing Spring DispatcherServlet 'dispatcherServlet' 
[[34mINFO[0;39m][10-04 00:24:54][[35m        [0;39m][[34mDispatcherServlet[0;39m] Initializing Servlet 'dispatcherServlet' 
[[34mINFO[0;39m][10-04 00:24:54][[35m        [0;39m][[34mDispatcherServlet[0;39m] Completed initialization in 1 ms 
[[34mINFO[0;39m][10-04 00:24:54][[35m        [0;39m][[34mController[0;39m] model created 
